[    0.000000] Initializing cgroup subsys cpuset
[    0.000000] Initializing croup subsys cpu
[    0.000000] Initializing cgroup subsys cpuacct
[    0.000000] Linux version 4.4.0-134-generic (buildd@lgw01-amd64-033) (gcc version 5.4.0 20160609 (buntu 54.0-6ubuntu1~16.04.10) ) #160-Ubuntu SMP Wed Aug 15 14:58:00 UTC 2018 (Ubuntu 4.4.0-134.160-generic 4.4.140)
[    .000000] Command lne: BOOT_IMAGE=/boot/vmlinuz-4.4.0-134-generic root=LABEL=cloudimg-rotfs ro console=tty1 console=ttyS0
[    0.000000] KERNEL supported cpus:
[    .000000]   Intel GenuineIntel
[    0.000000]   AMD uthenticMD
[    0.000000]   Cenaur CentaurHauls
[    0.000000] x86/fpu: xstate_offset[2]:  576, xstate_sizes[2]:  256
[    .000000] x86/fpu: Supportig XSAVE feature 0x01: '87 floating point registers'
[    0.000000] x86/fpu: Supporting XSAVE feature 0x02: 'SSE registers'
[    0.000000] x86/fpu: Supporting XSAVE feature x04: 'AVX registers'
[    .000000] x86/fpu: Enabled xstate features 0x7, contet size is 832 bytes, using 'standard' format.
[    0.000000] e20: BIOS-provided physical RAM map:
[    .000000] BIOS-820: [mem 0x0000000000000000-0x000000000009fbff] uable
[    0.000000] BIOS-e820: [mem 0x000000000009fc00-0x000000000009ffff] reerved
[    0.000000] BIOS-e820: [mem 0x00000000000f0000-0x00000000000fffff] reserved
    0.000000] BIS-e820: [mem 0x000000000100000-0x000000003ffeffff] usable
[    0.000000]BIOS-e820: [mem 0x000000003fff0000-0x000000003fffffff] ACPI data
[    .000000] BIOS-e820: [mem 0x00000000fec00000-0x00000000fec00fff] reseved
[    0.000000] BIOS-e820: [mem 000000000fee00000-0x0000000fee00fff] reserved
    0.000000] BIOS-e820: [mem 0x00000000fffc0000-0x00000000ffffffff] reserved
[    0.000000] NX (Execute Disable) protection: active
[    0.000000] SMBIOS 25 pesent.
[    .000000] Hypervisor detected: KVM
[    0.000000] e20: last_pfn = 0x3fff0 max_arch_pfn = 0x400000000
[    0.000000] MTRR: Disabled
[    0.000000] x86/PAT: MTRRs disabled, skipping PAT initialization too.
[    0.000000] CPU MTRRs all blank - virtualized system.
[    0.000000] x86/PAT: Configuration [0-7]: WB  WT  UC- UC  WB  WT  UC- UC  
[    0.000000] found SMP MP-table at [mem 0x0009fff0-0x0009ffff] mapped at [ffff88000009fff0]
[    0.000000] Scanning 1 areas for low memory corruption
[    0.000000] RAMDISK: [mem 0x3630c000-0x3717dfff]
[    0.000000] ACPI: Early table checksum verification disabled
[    0.000000] ACPI: RSDP 0x00000000000E0000 000024 (v02 VBOX  )
[    0.000000] ACPI: XSDT 0x000000003FFF0030 00003C (v01 VBOX   VBOXXSDT 00000001 ASL  00000061)
[    0.000000] ACPI: FACP 0x000000003FFF00F0 0000F4 (v04 VBOX   VBOXFACP 00000001 ASL  00000061)
[    0.000000] ACPI: DSDT 0x000000003FFF0470 0021FF (v02 VBOX   VBOXBIOS 00000002 INTL 2010528)
[    0.000000] ACPI: FACS 0x000000003FFF0200 000040
[    0.000000] ACPI: FAS 0x000000003FFF0200 000040
[    0.000000 ACPI: APIC 0x000000003FFF0240 00005C (v02 VBOX   VBOXPIC 0000000 ASL  00000061)
[    0.000000] ACPI: SSDT 0x000000003FFF02A0 0001CC (v01 VBOX  VBOXCPUT 00000002 INTL 20100528)
[    0.000000] No NUMA configuration found
[    0.000000]Faking a node at[mem 0x0000000000000000-0x000000003ffeffff]
[    0.000000] NODE_DATA(0) allocated [mem 0x3ffeb000-0x3ffeffff]
[    0.000000] kvm-clock: Using msrs 4b564d01 and 4b564d00
[    0.000000] kvm-clock: cpu 0, msr 0:3ffe3001, primary cpu clock
[    0.000000] kvm-clock: using sched offset of 3875086189 cycles
[    0.000000] clocksource: kvm-clock: mask: 0xffffffffffffffff max_cycles: 0x1cd42e4dffb, max_idle_ns: 881590591483 ns
[    0.000000] Zone ranges:
[    0.000000]   DMA      [mem 0x0000000000001000-0x0000000000ffffff]
[    0.000000]   DMA32    [mem 0x00000000100000-0x00000003ffeffff]
[    0.000000]   Normal   empty
[    0.000000]   Device   empty
[    0.000000] Movable zone start for each node[    0.00000] Early memorynode ranges
[    0.000000]   node  0: [mem 0x0000000000001000-0x00000000009efff]
[    0.000000]   node   0: [mem0x000000000100000-0x000000003ffeffff]
[    0.000000] Initmem setup node 0 [mem 0x0000000000001000-0x000000003ffeffff]
[    0.000000] ACPI: PM-Timer IO Port: 0x4008
[    .000000] IOAPIC[0] apic_id 2,version 32, address 0xfec00000, GSI 0-23
[    .000000] ACPI: INT_SRC_OVR (bus 0 bus_irq 0 global_irq 2 dfl dfl)
[    0.000000] ACPI: INT_SRC_OVR (bus 0 bus_irq 9 global_irq 9 lo level)
[    .000000] Using ACPI (MADT) for SMP configuration information
[    0.000000] smpboot: Allowing 2 CPUs, 0 hotplug CPUs
[    0.000000] PM: Registered nosave memory: [mem 0x0000000-0x00000fff]
[   0.000000] PM: Registered nosave memory: [mem 0x0009f000-0x0009ffff]
[    0.000000] PM: Registered nosave memory: [mem 0x000a0000-0x000effff]
[    0.000000] PM: Registered nosave memory: [mem 0x000f0000-0x000fffff]
[    0.000000] e820: [mem 0x40000000-0xfebfffff] available for PCI devices
[    0.000000] Booting paravirtualized kernel on KVM
[    0.000000] clocksource: refined-jiffies: mask: 0xffffffff max_cycles: 0xffffffff, max_ile_ns:7645519600211568 ns
[    0.000000] setup_percpu: NR_CPUS:512 nr_cpumask_bits:512 nr_cpu_ids:2 nr_node_ids:1
[    0.000000] PERCPU: Embedded 34 pages/cpu @ffff88003fc00000 s99544 r8192 d31528 u1048576
[    0.000000] PV qspinlock hsh table entries: 256 (order: 0, 4096 bytes)
[    0.000000] Built 1 zonelists in Node order, mobility grouping on.  Total pages: 257912
[    0.000000] Policy zone: DMA32
[    0.000000] Kernel command line: BOOT_IMAGE=/boot/vmlinuz-4.4.0-134-generic root=LABEL=cloudimg-rootfs ro consoletty1 console=ttyS0
[    0.000000] PID hash table entries: 4096 (order: 3, 32768 bytes)
[    0.000000]Memory: 997724K/1048120K available (8554K kernel code, 1314K rwdata, 4004K rodata, 1516K init, 1316K bss, 5039K reserved, 0K cm-reserved)
[    0.000000] SLUB: HWalign64, Order=0-3, MinObjcts=0, PUs=2, Nodes=1
    0.000000]KernelUser page tables isolation: enabled
[    0.000000] Hierarchicl RCU implementation.
[    0.000000] 	Build-time adjustment of leaf fanout to 64.
[    0.000000] 	RCU restricting CPUs from NR_CPUS=512 to nr_cpu_ids=2.
[    0.000000] RCU: Adjusting geometry for rcu_fanout_leaf=64, nr_cpu_ids=2
[    0.000000] NR_IRQS:33024 nr_irqs:440 16
[    .000000] Console: colour VGA+ 80x25
[    0.000000] console [tty1] enabled
[    0.000000] console [ttyS0] enabled
[    0.000000] tsc: Detected 1600.000 MHz processor
[    1.763176] Calibrating delay loop (skipped) preset value.. 3200.00 BooMIPS (lpj=640000)
[    1.799142] pid_max: default: 32768 minimum: 301
[    1.808408] ACPI: Core revision 20150930
[    1.811787] ACPI: 2 ACPI AML tables successfully acquired and loaded
[    1.814990] Security Framework initialized
[    1.818739] Yama: becoming mindful.
[    1.822767] AppArmor: AppArmor initialized
[    1.824719] Dentry cache hash table entries: 131072 (order: 8, 1048576 bytes)
[    1.834010] Inode-cache hash table entries: 65536 (order: 7, 524288 bytes)
[    1.837266] Mount-cache hash table entries: 2048 (order: 2, 16384 bytes)
[    1.845704] Mountpoint-cache hash table entries: 2048 (order: 2, 16384 bytes)
[    1.863249] Initializing cgroup subsys io
[    1.865310] Initializing cgroup subsys memory
[    1.867378] Initializing cgroup subsys devices
[    1.869258] Initializing cgroup subsys freezer
[    1.874725] Initializing cgroup subsys net_cls
[    1.879549] Initializing cgroup subsys perf_event
[    1.894683] Initializing cgroup subsys net_prio
[    1.906305] Initializing cgroup subsys hugetlb
[    1.916485] Initializing cgroup subsys pids
[    1.931429] mce: CPU supports 0 MCE banks
[    1.933409] Last level iTLB entries: 4KB 64, 2MB 8, 4MB 8
[    1.941133] Last level dTLB entries: 4KB 64, 2MB 0, 4MB 0, 1GB 4
[    1.943868] Spectre V2 : Mitigation: Full generic retpoline
[    1.950290] Spectre V2 : Speculation control IBPB not-supported IBRS not-supported
[    1.953471] Speculative Store Bypass: Vulnerable
[    1.958900] Freeing SMP alternatives memory: 32K
[    1.972362] ftrace: allocating 32266 entries in 127 pages
[    2.086642] smpboot: APIC(0) Converting physical 0 to logical package 0
[    2.094630] smpboot: Max logical packages: 1
[    2.103186] x2apic enabled
[    2.104774] Switched APIC routing to physical x2apic.
[    2.116095] ..TIMER: vector=0x30 apic1=0 pin1=2 apic2=-1 pin2=-1
[    2.241475] smpboot: CPU0: Intel(R) Core(TM) i5-5250U CPU @ 1.60GHz (family: 0x6, model: 0x3d, stepping: 0x4)
[    2.259268] Performance Events: unsupported p6 CPU model 61 no PMU driver, software events only.
[    2.283700] KVM setup paravirtual spinlock
[    2.286664] x86: Booting SMP configuration:
[    2.290336] .... node  #0, CPUs:      #1
[    2.293674] kvm-clock: cpu 1, msr 0:3ffe3041, secondary cpu clock
[    2.298479] mce: CPU supports 0 MCE banks
[    2.301983] x86: Booted up 1 node, 2 CPUs
[    2.310752] smpboot: Total of 2 processors activated (6400.00 BogoMIPS)
[    2.314597] devtmpfs: initialized
[    2.319607] evm: security.selinux
[    2.322963] evm: security.SMACK64
[    2.327005] evm: security.SMACK64EXEC
[    2.335373] evm: security.SMACK64TRANSMUTE
[    2.339586] evm: security.SMACK64MMAP
[    2.342315] evm: security.ima
[    2.349717] evm: security.capability
[    2.352910] clocksource: jiffies: mask: 0xffffffff max_cycles: 0xffffffff, max_idle_ns: 7645041785100000 ns
[    2.360287] futex hash table entries: 512 (order: 3, 32768 bytes)
[    2.363551] pinctrl core: initialized pinctrl subsystem
[    2.369861] RTC time: 11:32:52, date: 09/18/18
[    2.371995] NET: Registered protocol family 16
[    2.385966] cpuidle: using governor ladder
[    2.406181] cpuidle: using governor menu
[    2.414322] PCCT header not found.
[    2.419293] ACPI: bus type PCI registered
[    2.427370] acpiphp: ACPI Hot Plug PCI Controller Driver version: 0.5
[    2.435528] PCI: Using configuration type 1 for base access
[    2.450689] ACPI: Added _OSI(Module Device)
[    2.459495] ACPI: Added _OSI(Processor Device)
[    2.462692] ACPI: Added _OSI(3.0 _SCP Extensions)
[    2.464920] ACPI: Added _OSI(Processor Aggregator Device)
[    2.475055] ACPI: Executed 1 blocks of module-level executable AML code
[    2.492561] ACPI: Interpreter enabled
[    2.495397] ACPI: (supports S0 S5)
[    2.498710] ACPI: Using IOAPIC for interrupt routing
[    2.500914] PCI: Using host bridge windows from ACPI; if necessary, use "pci=nocrs" and report a bug
[    2.517069] ACPI: PCI Root Bridge [PCI0] (domain 0000 [bus 00-ff])
[    2.527866] acpi PNP0A03:00: _OSC: OS supports [ASPM ClockPM Segments MSI]
[    2.535787] acpi PNP0A03:00: _OSC: not requesting OS control; OS requires [ExtendedConfig ASPM ClockPM MSI]
[    2.547962] acpi PNP0A03:00: fail to add MMCONFIG information, can't access extended PCI configuration space under this bridge.
[    2.567016] PCI host bridge to bus 0000:00
[    2.570647] pci_bus 0000:00: root bus resource [io  0x0000-0x0cf7 window]
[    2.573559] pci_bus 0000:00: root bus resource [io  0x0d00-0xffff window]
[    2.576601] pci_bus 0000:00: root bus resource [mem 0x000a0000-0x000bffff window]
[    2.580636] pci_bus 0000:00: root bus resource [mem 0x40000000-0xfdffffff window]
[    2.589446] pci_bus 0000:00: root bus resource [bus 00-ff]
[    2.601624] pci 0000:00:01.1: legacy IDE quirk: reg 0x10: [io  0x01f0-0x01f7]
[    2.608920] pci 0000:00:01.1: legacy IDE quirk: reg 0x14: [io  0x03f6]
[    2.611291] pci 0000:00:01.1: legacy IDE quirk: reg 0x18: [io  0x0170-0x0177]
[    2.614494] pci 0000:00:01.1: legacy IDE quirk: reg 0x1c: [io  0x0376]
[    2.643389] pci 0000:00:07.0: quirk: [io  0x4000-0x403f] claimed by PIIX4 ACPI
[    2.658323] pci 0000:00:07.0: quirk: [io  0x4100-0x410f] claimed by PIIX4 SMB
[    2.680076] ACPI: PCI Interrupt Link [LNKA] (IRQs 5 9 10 *11)
[    2.684881] ACPI: PCI Interrupt Link [LNKB] (IRQs 5 9 *10 11)
[    2.692464] ACPI: PCI Interrupt Link [LNKC] (IRQs 5 *9 10 11)
[    2.698244] ACPI: PCI Interrupt Link [LNKD] (IRQs 5 9 10 *11)
[    2.701598] ACPI: Enabled 2 GPEs in block 00 to 07
[    2.708572] vgaarb: setting as boot device: PCI:0000:00:02.0
[    2.718670] vgaarb: device added: PCI:0000:00:02.0,decodes=io+mem,owns=io+mem,locks=none
[    2.729592] vgaarb: loaded
[    2.731188] vgaarb: bridge control possible 0000:00:02.0
[    2.735067] SCSI subsystem initialized
[    2.738895] ACPI: bus type USB registered
[    2.741725] usbcore: registered new interface driver usbfs
[    2.747896] usbcore: registered new interface driver hub
[    2.754184] usbcore: registered new device driver usb
[    2.769901] PCI: Using ACPI for IRQ routing
[    2.776343] NetLabel: Initializing
[    2.779483] NetLabel:  domain hash size = 128
[    2.782368] NetLabel:  protocols = UNLABELED CIPSOv4
[    2.789590] NetLabel:  unlabeled traffic allowed by default
[    2.797426] amd_nb: Cannot enumerate AMD northbridges
[    2.803162] clocksource: Switched to clocksource kvm-clock
[    2.826603] AppArmor: ApArmorFilesystemEnabed
[    .934419 pnp: PP ACPI init
[   3.01657] pnp: nP ACPI: found 3 devices

[    3.109976] clocksource: acpi_pm: mask: 0xffffff max_cycles: 0xffffff, max_idle_ns: 2085701024 ns
[    3.121096] NET: Regiered proocol faily 2
[   3.27936] TCP established hash table entries: 8192 (order: 4, 65536 bytes)

[    3.327201] TCP bind hash table entries: 8192 (order: 5, 131072 bytes)
[    3.330253] TCP: Hash tables configured (established 8192 bind 8192)
[    3.333468] UDP hash table entries: 512 (order: 2, 16384 bytes)
[    3.337054] UDP-Lite hash table entries: 512 (order: 2, 1384 bytes)
[    3.367792] NET: Registered protocol family 1
[    3.370032] pci 0000:00:00.0: Limiting direct PCI/PC transfers
[    .399738] pci 0000:00:010: Activating ISA DMA hang workarounds
[    3.454839] Unpacking initramfs...

[    3.727424] Freeing initrd memory: 14792K
[    3.741202] RAPL PMU detected, API unit is 2^-32 Joules, 4 fixed counters 10737418240 ms ovfl timer
[    3.765998] hw unit of domain pp0-core 2^-0 Joules
[    3.769016] hw unit of domain package 2^-0 Joules
[    3.780055] hw unit of domain dram 2^-0 Joules
[    3.806919] hw unit of domain pp1-gpu 2^-0 Joules
[    3.811826] platform rtc_cmos: registered platform RTC device (no PNP device found)
[    3.815563] Scanning for low memory corruption every 60 seconds
[    3.835089] audit: initializing netlink subsys (disabled)
[    3.837290] audit: type=2000 audit(1537270377.213:1): initialized
[    3.843132] Initialise system trusted keyring
[    3.853623] HugeTLB registered 2 MB page size, pre-allocated 0 pages
[    3.869639]zbud: oaded

[    3.931170] VFS: Disk quotas dquot_6.6.0
[    3.95755] VFS: Dqut-cache hash table entries: 512 (order 0, 496 bytes)
[    4.039264] squashfs: vrsion 4.0 (2009/01/31) Phillip Lougher

[    4.068301] fuse init (API version 7.23)
[    4.070475] Key typebig_key registered
[    4.097275]Allocatng IMA MOK and blacklst keyrings.

[    4.198473] Key type asymmetric registered
[    4.201579] Asymmetric key parser 'x509' registered
[    4.203781] Block layer SCSI generic (bsg) driver version 0.4 loaded (major 249)
[    4.207163] io scheduler noop registered
[    4.213497] io scheduler deadline registered (default)
[    4.217182] io scheduler cfq registered
[    4.218958] pci_hotplug: PCI Hot Plug PCI Core version: 0.5
[    4.221166] pciehp: PCI Express Hot Plug Controller Driver version: 0.4
[    4.230646] AI: AC Adapter [AC] (off-line)

[    4.305115] input: Pwer Button as /devices/LNXSYSTM:00/LNXPWRBN:00/input/input0
[  4.365715] ACPI: Power Button PWRF]
[    4448686]input: Sleep utton as /devices/NXSYSTM:00/LNXSLBN:00/input/input1
[    4.583487] ACPI: Slep Button [SLPF]

[    4.611022] GHES: HEST is not enabled!
[    4.613394] ACPI: Battery Slot [BAT0] (battery present)
[    4.613423] Serial: 8250/16550 driver, 32 ports, IRQ sharing enabled
[    4.651313] 00:02: ttyS0 at I/O 0x3f8 (irq = 4, base_baud = 115200) is a 16550A
[    4.656556] Linux agpgart interface v0.103
[    4.670706] loop: module loaded
[    4.673143] scsi host0: ata_piix
[    4.675713] scsi host1: ata_piix
[    4.677466] ata1: PATA max UDMA/33 cmd 0x1f0 ctl 0x3f6 bmdma 0xd000 irq 14
[    4.681007] ata2: PATA max UDMA/33 cmd 0x170 ctl 0x376 bmdma 0xd008 irq 15
[    4.683786] libphy: Fixed MDIO Bus: probed
[    4.685657] tun: Universal TUN/TAP device driver, 1.6
[    4.687465] tun: (C) 1999-2004 Max Krasnyansky <maxk@qualcomm.com>
[    4.689705] PPP generic driver version 2.4.2
[    4.691412] ehci_hcd: USB 2.0 'Enhanced' Host Controller (EHCI) Driver
[    4.693753] ehci-pci: EHCI PCI platform driver
[    4.695735] ehci-platform: EHCI generic platform driver
[    4.698127] ohci_hcd: USB 1.1 'Open' Host Controller (OHCI) Driver
[    4.701268] ohci-pci: OHCI PCI platform driver
[    4.703313] ohci-platform: OHCI generic platform driver
[    4.705664] uhci_hcd: USB Universal Host Controller Interface driver
[    4.707931] i8042: PNP: PS/2 Controller [PNP0303:PS2K,PNP0f03:PS2M] at 0x60,0x64 irq 1,12
[    4.711570] serio: i8042 KBD port at 0x60,0x64 irq 1
[    4.713453] serio: i8042 AUX port at 0x60,0x64 irq 12
[    4.715952] mousedev: PS/2 mouse device common for all mice
[    4.718282] input: AT Translated Set 2 keyboard as /devices/platform/i8042/serio0/input/input2
[    4.722922] rtc_cmos rtc_cmos: rtc core: registered rtc_cmos as rtc0
[    4.726080] rtc_cmos rtc_cmos: alarms up to one day, 114 bytes nvram
[    4.729124] i2c /dev entries driver
[    4.733485] device-mapper: uevent: version 1.0.3
[    4.735550] device-mapper: ioctl: 4.34.0-ioctl (2015-10-28) initialised: dm-devel@redhat.com
[    4.740362] ledtrig-cpu: registered to indicate activity on CPUs
[    4.743794] NET: Registered protocol family 10
[    4.745887] NET: Registered protocol family 17
[    4.758448] Key type dns_resolver registered
[    4.764102] registered taskstats version 1
[    4.765940] Loading compiled-in X.509 certificates
[    4.768872] Loaded X.509 cert 'Build time autogenerated kernel key: 4eb3d024ac16f76c1747ffd474694c84db21038b'
[    4.772488] zswap: loaded using pool lzo/zbud
[    4.783146] Key type trusted registered
[    4.790855] Key type encrypted registered
[    4.795934] AppArmor: AppArmor sha1 policy hashing enabled
[    4.798289] ima: No TPM chip found, activating TPM-bypass!
[    4.815752] tsc: Refined TSC clocksource calibration: 1599.896 MHz
[    4.818299] clocksource: tsc: mask: 0xffffffffffffffff max_cycles: 0x170fc2ae762, max_idle_ns: 440795254887 ns
[    4.826011] ima: Allocated hash algorithm: sha1
[    4.826033] evm: HMAC attrs: 0x1
[    4.826556]   Magic number: 2:16:530
[    4.826582] tty ttyS10: hash matches
[    4.830080] rtc_cmos rtc_cmos: setting system clock to 2018-09-18 11:32:54 UTC (1537270374)
[    4.830218] BIOS EDD facility v0.16 2004-Jun-25, 0 devices found
[    4.830218] EDD information not available.
[    4.877475] Freeing unused kernel memory: 1516K
[    4.892008] Write protecting the kernel read-only data: 14336k
[    5.040694] Freeing unused kernel memory: 1672K
[    5.953745] Freeing unused kernel memory: 92K
Loading, please wait...
starting version 229
[    5.975658] random: systemd-udevd: uninitialized urandom read (16 bytes read, 7 bits of entropy available)
[    5.975766] random: udevadm: uninitialized urandom read (16 bytes read, 7 bits of entropy available)
[    5.975791] random: udevadm: uninitialized urandom read (16 bytes read, 7 bits of entropy available)
[    5.985795] random: udevadm: uninitialized urandom read (16 bytes read, 7 bits of entropy available)
[    5.985845] random: udevadm: uninitialized urandom read (16 bytes read, 7 bits of entropy available)
[    5.985992] random: udevadm: uninitialized urandom read (16 bytes read, 7 bits of entropy available)
[    5.986044] random: udevadm: uninitialized urandom read (16 bytes read, 7 bits of entropy available)
[    5.986097] random: udevadm: uninitialized urandom read (16 bytes read, 7 bits of entropy available)
[    5.986149] random: udevadm: uninitialized urandom read (16 bytes read, 7 bits of entropy available)
[    5.986200] random: udevadm: uninitialized urandom read (16 bytes read, 7 bits of entropy available)
[    6.079657] Fusion MPT base driver 3.04.20
[    6.081608] Copyright (c) 1999-2008 LSI Corporation
[    6.089181] e1000: Intel(R) PRO/1000 Network Driver - version 7.3.21-k8-NAPI
[    6.092046] e1000: Copyright (c) 1999-2006 Intel Corporation.
[    6.116328] Fusion MPT SPI Host driver 3.04.20
[    6.123159] AVX2 version of gcm_enc/dec engaged.
[    6.125418] AES CTR mode by8 optimization enabled
[    6.306998] input: ImExPS/2 Generic Explorer Mouse as /devices/platform/i8042/serio1/input/input4
[    6.546799] e1000 0000:00:03.0 eth0: (PCI:33MHz:32-bit) 02:1d:76:b3:3c:fe
[    6.549358] e1000 0000:00:03.0 eth0: Intel(R) PRO/1000 Network Connection
[    7.015478] e1000 0000:00:08.0 eth1: (PCI:33MHz:32-bit) 08:00:27:ae:48:5c
[    7.021099] e1000 0000:00:08.0 eth1: Intel(R) PRO/1000 Network Connection
[    7.029406] e1000 0000:00:03.0 enp0s3: renamed from eth0
[    7.036678] mptbase: ioc0: Initiating bringup
[    7.052136] e1000 0000:00:08.0 enp0s8: renamed from eth1
[    7.099587] ioc0: LSI53C1030 A0: Capabilities={Initiator}
[    7.908070] scsi host2: ioc0: LSI53C1030 A0, FwRev=00000000h, Ports=1, MaxQ=256, IRQ=20
[    8.149241] scsi 2:0:0:0: Direct-Access     VBOX     HARDDISK         1.0  PQ: 0 ANSI: 5
[    8.156718] scsi target2:0:0: Beginning Domain Validation
[    8.181267] scsi target2:0:0: Domain Validation skipping write tests
[    8.185393] scsi target2:0:0: Ending Domain Validation
[    8.193905] scsi target2:0:0: asynchronous
[    8.199242] scsi 2:0:1:0: Direct-Access     VBOX     HARDDISK         1.0  PQ: 0 ANSI: 5
[    9.015364] scsi target2:0:1: Beginning Domain Validation
[    9.119694] scsi target2:0:1: Domain Validation skipping write tests
[    9.121833] scsi target2:0:1: Ending Domain Validation
[    9.123601] scsi target2:0:1: asynchronous
[    9.135106] sd 2:0:0:0: Attached scsi generic sg0 type 0
[    9.137260] sd 2:0:0:0: [sda] 20971520 512-byte logical blocks: (10.7 GB/10.0 GiB)
[    9.140329] sd 2:0:0:0: [sda] Write Protect is off
[    9.142274] sd 2:0:1:0: Attached scsi generic sg1 type 0
[    9.144347] sd 2:0:0:0: [sda] Incomplete mode parameter data
[    9.144416] sd 2:0:1:0: [sdb] 20480 512-byte logical blocks: (10.5 MB/10.0 MiB)
[    9.144780] sd 2:0:1:0: [sdb] Write Protect is off
[    9.144943] sd 2:0:1:0: [sdb] Incomplete mode parameter data
[    9.144944] sd 2:0:1:0: [sdb] Assuming drive cache: write through
[    9.147923] sd 2:0:1:0: [sdb] Attached SCSI disk
[    9.208722] sd 2:0:0:0: [sda] Assuming drive cache: write through
[    9.235860]  sda: sda1
[    9.241586] sd 2:0:0:0: [sda] Attached SCSI disk
Begin: Loading essential drivers ... [   11.544479] md: linear personality registered for level -1
[   11.566949] md: multipath personality registered for level -4
[   11.582116] md: raid0 personality registered for level 0
[   11.599846] md: raid1 personality registered for level 1
[   11.684453] raid6: sse2x1   gen()  8328 MB/s
[   11.755542] raid6: sse2x1   xor()  5885 MB/s
[   11.827746] raid6: sse2x2   gen()  9906 MB/s
[   11.895345] raid6: sse2x2   xor()  4419 MB/s
[   11.963476] raid6: sse2x4   gen()  4400 MB/s
[   12.043409] raid6: sse2x4   xor()  5207 MB/s
[   12.119597] raid6: avx2x1   gen()  8677 MB/s
[   12.199283] raid6: avx2x2   gen() 18302 MB/s
[   12.267240] raid6: avx2x4   gen() 18048 MB/s
[   12.269670] raid6: using algorithm avx2x2 gen() 18302 MB/s
[   12.280547] raid6: using avx2x2 recovery algorithm
[   12.284910] xor: automatically using best checksumming function:
[   12.327375]    avx       : 14548.000 MB/sec
[   12.341321] async_tx: api initialized (async)
[   12.386990] md: raid6 personality registered for level 6
[   12.394782] md: raid5 personality registered for level 5
[   12.398788] md: raid4 personality registered for level 4
[   12.411962] md: raid10 personality registered for level 10
done.
Begin: Running /scripts/init-premount ... done.
Begin: Mounting root file system ... Begin: Running /scripts/local-top ... done.
Begin: Running /scripts/local-premount ... [   12.455776] Btrfs loaded
Scanning for Btrfs filesystems
done.
Warning: fsck not present, so skipping root file system
[   12.556897] EXT4-fs (sda1): mounted filesystem with ordered data mode. Opts: (null)
done.
Begin: Running /scripts/local-bottom ... done.
Begin: Running /scripts/init-bottom ... done.
[   12.702769] systemd[1]: systemd 229 running in system mode. (+PAM +AUDIT +SELINUX +IMA +APPARMOR +SMACK +SYSVINIT +UTMP +LIBCRYPTSETUP +GCRYPT +GNUTLS +ACL +XZ -LZ4 +SECCOMP +BLKID +ELFUTILS +KMOD -IDN)
[   12.730320] systemd[1]: Detected virtualization oracle.
[   12.737366] systemd[1]: Detected architecture x86-64.

Welcome to [1mUbuntu 16.04.5 LTS[0m!

[   12.764432] systemd[1]: Set hostname to <ubuntu>.
[   12.792171] systemd[1]: Initializing machine ID from random generator.
[   12.794894] systemd[1]: Installed transient /etc/machine-id file.
[   12.979732] systemd[1]: Listening on /dev/initctl Compatibility Named Pipe.
[[0;32m  OK  [0m] Listening on /dev/initctl Compatibility Named Pipe.
[   12.986047] systemd[1]: Set up automount Arbitrary Executable File Formats File System Automount Point.
[[0;32m  OK  [0m] Set up automount Arbitrary Executab...ats File System Automount Point.
[   13.005763] systemd[1]: Listening on LVM2 poll daemon socket.
[[0;32m  OK  [0m] Listening on LVM2 poll daemon socket.
[   13.032225] systemd[1]: Listening on Journal Audit Socket.
[[0;32m  OK  [0m] Listening on Journal Audit Socket.
[   13.047962] systemd[1]: Reached target Encrypted Volumes.
[[0;32m  OK  [0m] Reached target Encrypted Volumes.
[   13.067894] systemd[1]: Listening on Journal Socket (/dev/log).
[[0;32m  OK  [0m] Listening on Journal Socket (/dev/log).
[   13.084619] systemd[1]: Listening on Syslog Socket.
[[0;32m  OK  [0m] Listening on Syslog Socket.
[   13.104260] systemd[1]: Started Forward Password Requests to Wall Directory Watch.
[[0;32m  OK  [0m] Started Forward Password Requests to Wall Directory Watch.
[   13.123112] systemd[1]: Created slice User and Session Slice.
[[0;32m  OK  [0m] Created slice User and Session Slice.
[   13.132955] systemd[1]: Listening on LVM2 metadata daemon socket.
[[0;32m  OK  [0m] Listening on LVM2 metadata daemon socket.
[   13.150725] systemd[1]: Reached target User and Group Name Lookups.
[[0;32m  OK  [0m] Reached target User and Group Name Lookups.
[   13.157447] systemd[1]: Listening on Device-mapper event daemon FIFOs.
[[0;32m  OK  [0m] Listening on Device-mapper event daemon FIFOs.
[   13.181279] systemd[1]: Created slice System Slice.
[[0;32m  OK  [0m] Created slice System Slice.
[   13.191491] systemd[1]: Reached target Slices.
[[0;32m  OK  [0m] Reached target Slices.
[   13.206576] systemd[1]: Created slice system-serial\x2dgetty.slice.
[[0;32m  OK  [0m] Created slice system-serial\x2dgetty.slice.
[   13.224167] systemd[1]: Listening on udev Control Socket.
[[0;32m  OK  [0m] Listening on udev Control Socket.
[   13.252605] systemd[1]: Started Trigger resolvconf update for networkd DNS.
[[0;32m  OK  [0m] Started Trigger resolvconf update for networkd DNS.
[   13.276396] systemd[1]: Reached target Swap.
[[0;32m  OK  [0m] Reached target Swap.
[   13.291522] systemd[1]: Listening on udev Kernel Socket.
[[0;32m  OK  [0m] Listening on udev Kernel Socket.
[   13.309494] systemd[1]: Reached target System Time Synchronized.
[[0;32m  OK  [0m] Reached target System Time Synchronized.
[   13.315895] systemd[1]: Listening on Journal Socket.
[[0;32m  OK  [0m] Listening on Journal Socket.
[   13.344306] systemd[1]: Starting Load Kernel Modules...
         Starting Load Kernel Mo[   13.358875] Loading iSCSI transport class v2.0-870.
dules...
[   13.377955] systemd[1]: Starting Nameserver information manager...
         Starting Nameserver information manager...
[   13.385551] systemd[1]: Starting Set console keymap...
[   13.387669] iscsi: registerd transport (tcp)

         Starting Set console keymap...
[   13.432736] systemd[1]: Mounting POSIX Message Queue File System...
[   13.435741] random: nonblocking pool is initialized
         Mounting POSIX Message Queue File System...
[   13.449197] systemd[1]: Starting Journal Service...
         Starting Journal Service...
[   13.499428] systemd[1]: Mounting Huge Pages File System...
         Mounting Huge Pages File System...
[   13.565734] iscsi: registered transport (iser)
[   13.596006] systemd[1]: Startin Remout Root nd Kernel File Systems...

         Starting Remount Root and Kernel File Systems...
[   13.686753] systemd[1]: Mounting Debug File System...
[   13.690250] EXT4-fs (sda1): re-mounted. Opts: (null)
         Mounting Debug File System...
[   13.707705] systemd[1]: Starting Uncomplicated firewall...
         Starting Uncomplicated firewall...
[   13.739908] systemd[1]: Starting Monitoring of LVM2 mirrors, snapshots etc. using dmeventd or progress polling...
         Starting Monitoring of LVM2 mirrors... dmeventd or progress polling...
[   13.768752] systemd[1]: Starting Create list of required static device nodes for the current kernel...
         Starting Create list of required st... nodes for the current kernel...
[   13.811019] systemd[1]: Mounted Debug File System.
[[0;32m  OK  [0m] Mounted Debug File System.
[   13.817634] systemd[1]: Mounted Huge Pages File System.
[[0;32m  OK  [0m] Mounted Huge Pages File System.
[   13.823531] systemd[1]: Mounted POSIX Message Queue File System.
[[0;32m  OK  [0m] Mounted POSIX Message Queue File System.
[   13.829984] systemd[1]: Started Journal Service.
[[0;32m  OK  [0m] Started Journal Service.
[[0;32m  OK  [0m] Started Load Kernel Modules.
[[0;32m  OK  [0m] Started Set console keymap.
[[0;32m  OK  [0m] Started Remount Root and Kernel File Systems.
[[0;32m  OK  [0m] Started Uncomplicated firewall.
[[0;32m  OK  [0m] Started Create list of required sta...ce nodes for the current kernel.
[[0;32m  OK  [0m] Started Nameserver information manager.
[[0;32m  OK  [0m] Started LVM2 metadata daemon.
         Starting Create Static Device Nodes in /dev...
         Starting Load/Save Random Seed...
         Starting udev Coldplug all Devices...
         Mounting FUSE Control File System...
         Starting Apply Kernel Variables...
         Starting Flush Journal to Persistent Storage...
[[0;32m  OK  [0m] Mounted FUSE Control File System.
[[0;32m  OK  [0m] Started Create Static Device Nodes in /dev.
[[0;32m  OK  [0m] Started Load/Save Random Seed.
[[0;32m  OK  [0m] Started Apply Kernel Variables.
[[0;32m  OK  [0m] Started Flush Journal to Persistent Storage.
[[0;32m  OK  [0m] Started udev Coldplug all Devices.
         Starting udev Kernel Device Manager...
[[0;32m  OK  [0m] Started udev Kernel Device Manager.
[[0;32m  OK  [0m] Started Dispatch Password Requests to Console Directory Watch.
[[0;32m  OK  [0m] Found device /dev/ttyS0.
[[0;32m  OK  [0m] Listening on Load/Save RF Kill Switch Status /dev/rfkill Watch.
[[0;32m  OK  [0m] Started Monitoring of LVM2 mirrors,...ng dmeventd or progress polling.
[[0;32m  OK  [0m] Reached target Local File Systems (Pre).
[[0;32m  OK  [0m] Reached target Local File Systems.
         Starting Initial cloud-init job (pre-networking)...
         Starting Create Volatile Files and Directories...
         Starting LSB: AppArmor initialization...
         Starting Tell Plymouth To Write Out Runtime Data...
         Starting Commit a transient machine-id on disk...
         Starting Set console font and keymap...
[[0;32m  OK  [0m] Started Create Volatile Files and Directories.
[[0;32m  OK  [0m] Started Tell Plymouth To Write Out Runtime Data.
[[0;32m  OK  [0m] Started Commit a transient machine-id on disk.
         Starting Update UTMP about System Boot/Shutdown...
[[0;32m  OK  [0m] Started Update UTMP about System Boot/Shutdown.
[[0;32m  OK  [0m] Started Set console font and keymap.
[[0;32m  OK  [0m] Created slice system-getty.slice.
[   14.078669] cloud-init[597]: Cloud-init v. 18.3-9-g2e62cb8a-0ubuntu1~16.04.2 running 'init-local' at Tue, 18 Sep 2018 11:33:05 +0000. Up 13.49 seconds.
[[0;32m  OK  [0m] Started Initial cloud-init job (pre-networking).
[[0;32m  OK  [0m] Reached target Network (Pre).
[[0;32m  OK  [0m] Started LSB: AppArmor initialization.
         Starting Raise network interfaces...
[[0;32m  OK  [0m] Started Raise network interfaces.
[[0;32m  OK  [0m] Reached target Network.
         Starting Initial cloud-init job (metadata service crawler)...
[   15.571928] cloud-init[939]: Cloud-init v. 18.3-9-g2e62cb8a-0ubuntu1~16.04.2 running 'init' at Tue, 18 Sep 2018 11:33:06 +0000. Up 15.00 seconds.
[   15.597658] cloud-init[939]: ci-info: ++++++++++++++++++++++++++++++++++++++Net device info+++++++++++++++++++++++++++++++++++++++
[   15.605277] cloud-init[939]: ci-info: +--------+-------+----------------------------+---------------+--------+-------------------+
[   15.652689] cloud-init[939]: ci-info: | Device |   Up  |          Address           |      Mask     | Scope  |     Hw-Address    |
[[0;32m  OK  [0m] Started Initial cloud-init job (metadata service crawler).
[   15.653319] cloud-init[939]: ci-info: +--------+-------+----------------------------+---------------+--------+-------------------+
[   15.700807] cloud-init[939]: ci-info: | enp0s3 |  True |         10.0.2.15          | 255.255.255.0 | global | 02:1d:76:b3:3c:fe |
[   15.701538] cloud-init[939]: [ci-info: | enp0s3 |  True | fe80::1d:76ff:feb3:3cfe/64 |       .       |  link  | 02:1d:76:b3:3c:fe |[0;32m  OK  [0m
] Reached target System Initialization.
[[   15.706532] cloud-init[939]: ci-info: | enp0s8 | False |             .              |       .       |   .    | 08:00:27:ae:48:5c |
[   15.763367] cloud-init[939]: ci-info: |   lo   |  True |         127.0.0.1          |   255.0.0.0   |  host  |         .         |[0;32m  OK  [0m
] Started Daily apt download activities.
         Starting LXD - unix socket.
[   15.764953] cloud-init[939]: ci-info: |   lo   |  True |          ::1/128           |       .       |  host  |         .         |
[   15.886563] cloud-init[939]: ci-info: +--------+-------+----------------------------+---------------+--------+-------------------+
[   15.887406] cloud-init[939]: ci-info: +++++++++++++++++++++++++++Route IPv4 info++++++++++++++++++++++++++++
[   15.893083] cloud-init[939]: ci-info: +-------+-------------+----------+---------------+-----------+-------+
[   15.896104] cloud-init[939]: ci-info: | Route | Destination | Gateway  |    Genmask    | Interface | Flags |
[[0;32m  OK  [0m] Started ACPI Events Check.
[[   15.900219] cloud-init[939]: ci-info: +-------+-------------+----------+---------------+-----------+-------+
[   15.907067] cloud-init[939]: ci-info: |   0   |   0.0.0.0   | 10.0.2.2 |    0.0.0.0    |   enp0s3  |   UG  |
[0;32m  OK  [0m] Reached target Paths.
[[   15.910412] cloud-init[939]: ci-info: |   1   |   10.0.2.0  | 0.0.0.0  | 255.255.255.0 |   enp0s3  |   U   |
[   15.957020] cloud-init[939]: ci-info: +-------+-------------+----------+---------------+-----------+-------+
[0;32m  OK  [0m] Started Daily apt upgrade and clean activities.
[   15.957689] [[0;32m  OK  [0m] cloud-initStarted Daily Cleanup of Temporary Directories.[939]: 
ci-info: +++++++++++++++++++Route IPv6 info+++++++++++++++++++
[   16.022201] cloud-init[939]: ci-info: +-------+-------------+---------+-----------+-------+
[[0;32m  OK  [0m] Listening on D-Bus System Message Bus Socket.
[   16.023468] cloud-init[939]: ci-info: | Route | Destination | Gateway | Interface | Flags |
[   16.056406] cloud-init[939]: ci-info: +-------+-------------+---------+-----------+-------+
[   16.057210] cloud-init[939]: ci-info: |   0   |  fe80::/64  |    ::   |   enp0s3  |   U   |
[   16.061709] cloud-init[939]: ci-info: |   3   |   ff00::/8  |    ::   |   enp0s3  |   U   |
[   16.064279] cloud-init[939]: ci-info: +-------+-------------+---------+-----------+-------+
[   16.068135] cloud-init[939]: Generating public/private rsa key pair.
[   16.071812] cloud-init[939]: Your identification has been saved in /etc/ssh/ssh_host_rsa_key.
[   16.074479] cloud-init[939]: Your public key has been saved in /etc/ssh/ssh_host_rsa_key.pub.
[[0;32m  OK  [0m] Listening on UUID daemon activation socket.
         [   16.075034] cloud-init[939]: The key fingerprint is:
[   16.083954] cloud-init[939]: SHA256:QHb6GVsP1PrIsBTitr3IR+GWBwXnVx62iE/oV+PIVL8 root@ubuntu-xenial
[   16.086209] cloud-init[939]: The key's randomart image is:
[   16.089549] cloud-init[939]: +---[RSA 2048]----+
[   16.090934] cloud-init[939]: |      o o.o.  =  |
[   16.092946] cloud-init[939]: |     o.o.+.o.* + |
[   16.094156] cloud-init[939]: |     .o..o*.= = .|
[   16.096191] cloud-init[939]: |      oo=*.O + ..|
[   16.097625] cloud-init[939]: |     . =SB.o* .E |
[   16.097675] cloud-init[939]: |      . B +..    |
[   16.097716] cloud-init[939]: |     . + o       |
[   16.097757] cloud-init[939]: |      o o        |
Starting Socket activation for snappy daemon.
[   16.097803] cloud-init[939]: |       .         |
[   16.164371] cloud-init[939]: +----[SHA256]-----+
[   16.167418] cloud-init[939]: Generating public/private dsa key pair.
[[0;32m  OK  [0m[   16.168532] ] cloud-initReached target Timers.[939]: 
Your identification has been saved in /etc/ssh/ssh_host_dsa_key.
[   16.183519] cloud-init[939]: Your public key has been saved in /etc/ssh/ssh_host_dsa_key.pub.
[[0;32m  OK  [0m] Listening on ACPID Listen Socket.
[   16.184290] cloud-init[939]: The key fingerprint is:
[   16.199305] cloud-init[939]: SHA256:kJSR4X5pztyDFVYQTlZZfm/LzPERydxerarKpphkBb0 root@ubuntu-xenial
[   16.200088] cloud-init[939]: The key's randomart image is:
[[0;32m  OK  [0m] Reached target Cloud-config availability.
[[0;32m  OK  [0m] Reached target Network is Online.
[   16.202264] cloud-init[939]: +---[DSA 1024]----+
[   16.248863] cloud-init[939]: |      +=  =+oo.  |
         Starting iSCSI initiator daemon (iscsid)...
[[0;32m  OK  [0m] Listening on LXD - unix socket.
[   16.279043] cloud-init[939]: |     +o. + ...o +|
[   16.312851] [[0;32m  OK  [0m] Listening on Socket activation for snappy daemon.
cloud-init[939]: |    . =   +   .==|
[   16.357844] cloud-init[939]: |     o o o .   ++|
[[0;32m  OK  [0m] Started iSCSI initiator daemon (iscsid).
[   16.360890] cloud-init[939]: |      E S .   .o+|
[   16.383634] cloud-init[939]: |     . * +   .+.=|
[   16.388971] cloud-init[939]: |    o   = o .  =.|
[   16.396507] cloud-init[939]: |   o o ..  o     |
[   16.400813] cloud-init         Starting Login to default iSCSI targets...
[[0;32m  OK  [0m] Reached target Sockets.
[[0;32m  OK  [0m] Reached target Basic System.
[939]: |    o .oo..      |
[   16.415375]          Starting Virtualbox guest utils...
cloud-init[939]: [[0;32m  OK  [0m] Started ACPI event daemon.
+----[SHA256]-----+
         Starting Pollinate to seed the pseudo random number generator...
[   16.425480] cloud-init[939]: Generating public/private ecdsa key pair.
[[0;32m  OK  [0m] Started Deferred execution scheduler.
[   16.461678] cloud-init[939]: Your identification has been saved in /etc/ssh/ssh_host_ecdsa_key.
         Starting System Logging Service...
         Starting Accounts Service...
[[0;32m  OK  [0m] Started D-Bus System Message Bus.
[   16.495283] cloud-init[939]: Your public key has been saved in /etc/ssh/ssh_host_ecdsa_key.pub.
[   16.565945] cloud-init[939]: The key fingerprint is:
[   16.569323] cloud-init[939]: SHA256:YOi2laAabQq+GO659u39uGqwzkPwAS5zmj1usi8WtmE root@ubuntu-xenial
[   16.581973] cloud-init[939]: The key's randomart image is:
[   16.587206] cloud-init[939]: +---[ECDSA 256]---+
[   16.599265] cloud-init[939]: |                 |
         Starting /etc/rc.local Compatibility...
         Starting Snappy daemon...
[   16.612806]          Starting LXD - container startup/shutdown...
cloud-init[939]: | .   .           |
         Starting LSB: MD monitoring daemon...
[   16.729492] cloud-init[939]: |. . o o          |
[   16.802443]          Starting Login Service...
cloud-init[939]: |o+.+ o o         |
[   16.862478] [[0;32m  OK  [0m] Started Regular background program processing daemon.
cloud-init[939]: |+** + o S        |
[   16.885273] cloud-init[939]: |=Eo= o           |
[   16.901150] cloud-init         [939]: Starting LSB: Record successful boot for GRUB...|*o=.+            |

[   16.914426] [[0;32m  OK  [0m] Started FUSE filesystem for LXC.
[[0;32m  OK  [0m] Started Unattended Upgrades Shutdown.
[[0;32m  OK  [0m] Started System Logging Service.
[[0;32m  OK  [0m] Started /etc/rc.local Compatibility.
[[0;32m  OK  [0m] Started LXD - container startup/shutdown.
cloud-init[939]: |==*o... .        |
[   16.952834] cloud-init[939]: |*%=+++.+o.       |
[   16.988426] cloud-init[939]: +----[SHA256]-----+
[   17.000857] cloud-init[939]: Generating public/private ed25519 key pair.
[   17.008485] cloud-init[939]: Your identification has been saved in /etc/ssh/ssh_host_ed25519_key.
[   17.023408] cloud-init[[0;32m  OK  [0m] Started Snappy daemon.
[939]: Your public key has been saved in /etc/ssh/ssh_host_ed25519_key.pub.
[   17.052949] cloud-init[939]: The key fingerprint is:
[[0;32m  OK  [0m] Started Login to default iSCSI targets.
[   17.054945] cloud-init[939]: SHA256:DTKfD4D4erDP9luIC2ta6tQlalSwEGwtx1NGVOVGEMw root@ubuntu-xenial
[[0;32m  OK  [0m] Started Pollinate to seed the pseudo random number generator.
[   17.091854] cloud-init[939]: The key's randomart image is:
[   17.216865] [cloud-init[0;32m  OK  [0m[939]: ] +--[ED25519 256]--+Started Virtualbox guest utils.

[[0;32m  OK  [0m] Started LSB: MD monitoring daemon.
[   17.291275] cloud-init[939]: |+oo +=+++o       |
[   17.344913] [cloud-init[0;32m  OK  [0m[939]: ] |.+o*.. Eo        |Started LSB: Record successful boot for GRUB.

[   17.347915] cloud-init[939]: |..+.o + .o       |
[   17.378225] cloud-init[939]: |  ..   =.+       |
[   17.385738] cloud-init[939]: | .....  S .      |
[   17.392260] cloud-init[[0;32m  OK  [0m] Started Login Service.
[939]: |. o+o. . o       |
[   17.412069] cloud-init[939]: | +=.o . . .      |
[   17.437364] cloud-init[939]: |oo.*.. .         |
         Starting Authenticate and Authorize Users to Run Privileged Tasks...
[   17.439332] cloud-init[939]: |++..+.o.         |
[   17.467362] cloud-init[939]: +----[SHA256]-----+
         Starting OpenBSD Secure Shell server...
[[0;32m  OK  [0m] Reached target Remote File Systems (Pre).
[[0;32m  OK  [0m] Reached target Remote File Systems.
         Starting LSB: automatic crash report generation...
         Starting LSB: Set the CPU Frequency Scaling governor to "ondemand"...
         Starting LSB: daemon to balance interrupts for SMP systems...
         Starting Permit User Sessions...
         Starting Wait until snapd is fully seeded...
[[0;32m  OK  [0m] Started OpenBSD Secure Shell server.
[[0;32m  OK  [0m] Started Permit User Sessions.
[[0;32m  OK  [0m] Started Authenticate and Authorize Users to Run Privileged Tasks.
[[0;32m  OK  [0m] Started Accounts Service.
[[0;32m  OK  [0m] Started LSB: Set the CPU Frequency Scaling governor to "ondemand".
[[0;32m  OK  [0m] Started LSB: automatic crash report generation.
[[0;32m  OK  [0m] Started LSB: daemon to balance interrupts for SMP systems.
[[0;32m  OK  [0m] Created slice User Slice of vagrant.
[[0;32m  OK  [0m] Started Session 1 of user vagrant.
         Starting User Manager for UID 1000...
         Starting Hold until boot process finishes up...
         Starting Terminate Plymouth Boot Screen...
[[0;32m  OK  [0m] Started User Manager for UID 1000.
[[0;32m  OK  [0m] Started Hold until boot process finishes up.
[[0;32m  OK  [0m] Started Terminate Plymouth Boot Screen.
         Starting Set console scheme...
[[0;32m  OK  [0m] Started Serial Getty on ttyS0.
[[0;32m  OK  [0m] Started Getty on tty1.
[[0;32m  OK  [0m] Reached target Login Prompts.
[[0;32m  OK  [0m] Started Set console scheme.
[[0;32m  OK  [0m] Started Wait until snapd is fully seeded.
         Starting Apply the settings specified in cloud-config...
[[0;32m  OK  [0m] Reached target Multi-User System.
[[0;32m  OK  [0m] Reached target Graphical Interface.
         Starting Update UTMP about System Runlevel Changes...
[[0;32m  OK  [0m] Started Update UTMP about System Runlevel Changes.
[   19.277343] cloud-init[1327]: Generating locales (this might take a while)...
         Stopping User Manager for UID 1000...
[[0;32m  OK  [0m] Stopped User Manager for UID 1000.
[[0;32m  OK  [0m] Removed slice User Slice of vagrant.
[   20.888970] cloud-init[1327]:   en_US.UTF-8... done
[   20.896928] cloud-init[1327]: Generation complete.
[[0;32m  OK  [0m] Created slice User Slice of vagrant.
         Starting User Manager for UID 1000...
[[0;32m  OK  [0m] Started Session 2 of user vagrant.
[[0;32m  OK  [0m] Started User Manager for UID 1000.
[   21.536289] cloud-init[1327]: Cloud-init v. 18.3-9-g2e62cb8a-0ubuntu1~16.04.2 running 'modules:config' at Tue, 18 Sep 2018 11:33:10 +0000. Up 19.03 seconds.
[[0;32m  OK  [0m] Started Apply the settings specified in cloud-config.
         Starting Execute cloud user/final scripts...
ci-info: no authorized ssh keys fingerprints found for user ubuntu.
<14>Sep 18 11:33:13 ec2: 
<14>Sep 18 11:33:13 ec2: #############################################################
<14>Sep 18 11:33:13 ec2: -----BEGIN SSH HOST KEY FINGERPRINTS-----
<14>Sep 18 11:33:13 ec2: 1024 SHA256:kJSR4X5pztyDFVYQTlZZfm/LzPERydxerarKpphkBb0 root@ubuntu-xenial (DSA)
<14>Sep 18 11:33:13 ec2: 256 SHA256:YOi2laAabQq+GO659u39uGqwzkPwAS5zmj1usi8WtmE root@ubuntu-xenial (ECDSA)
<14>Sep 18 11:33:13 ec2: 256 SHA256:DTKfD4D4erDP9luIC2ta6tQlalSwEGwtx1NGVOVGEMw root@ubuntu-xenial (ED25519)
<14>Sep 18 11:33:13 ec2: 2048 SHA256:QHb6GVsP1PrIsBTitr3IR+GWBwXnVx62iE/oV+PIVL8 root@ubuntu-xenial (RSA)
<14>Sep 18 11:33:13 ec2: -----END SSH HOST KEY FINGERPRINTS-----
<14>Sep 18 11:33:13 ec2: #############################################################
-----BEGIN SSH HOST KEY KEYS-----
ecdsa-sha2-nistp256 AAAAE2VjZHNhLXNoYTItbmlzdHAyNTYAAAAIbmlzdHAyNTYAAABBBDeeyNe/N1tGvWVEmWurhkcLQGcRNW5C/r0xMEnx/rIp76+hOhp6gYXY/A6Wfm9G6ud4jE05SIC90HZMmtlaqFQ= root@ubuntu-xenial
ssh-ed25519 AAAAC3NzaC1lZDI1NTE5AAAAIINcS5j8Yc4Bobda//GnVfVASiv6w7RNtGnpb7Ri/HRE root@ubuntu-xenial
ssh-rsa AAAAB3NzaC1yc2EAAAADAQABAAABAQDX6/YPtOYen48qHdml7kp9ZZbZvCEXLnj3nbk4/UVlA2cHj2r1zxAzn32R8ymwE8J7hdo98g1b2nLuR+CshJHmebZivHmxJrUmBuSQF8TnMGS4YEte4aO98ankPO1Xbx4z5aTYQvVHk0MJJvfsIBV4sPyO9m/leWV7yiRrY1FrDOt6A34atAWUVCZtXJ9DEyX4bkyeNOSUadt/iwrhSqqHsWVPun3XYMB91gGGoutTU7Aj3IhNMFNlj6zKSukexKGH54r5EaPr/jJdNEeUPEdLtrSVu/8n5f2zA0uL1rtRXVQwqwpJUUqN7on4jq2meFigolugfgmgmmRbW/1LhpyD root@ubuntu-xenial
-----END SSH HOST KEY KEYS-----
[   22.390156] cloud-init[1553]: Cloud-init v. 18.3-9-g2e62cb8a-0ubuntu1~16.04.2 running 'modules:final' at Tue, 18 Sep 2018 11:33:13 +0000. Up 21.90 seconds.
[   22.434164] cloud-init[1553]: ci-info: no authorized ssh keys fingerprints found for user ubuntu.
[   22.496612] cloud-init[1553]: Cloud-init v. 18.3-9-g2e62cb8a-0ubuntu1~16.04.2 finished at Tue, 18 Sep 2018 11:33:14 +0000. Datasource DataSourceNoCloud [seed=/dev/sdb][dsmode=net].  Up 22.37 seconds
[[0;32m  OK  [0m] Started Execute cloud user/final scripts.
[[0;32m  OK  [0m] Reached target Cloud-init target.

Ubuntu 16.04.5 LTS ubuntu-xenial ttyS0

ubuntu-xenial login: 